<?xml version="1.0" encoding="UTF-8"?>
<testng-results skipped="0" failed="0" total="1" passed="1">
  <reporter-output>
  </reporter-output>
  <suite name="Default suite" duration-ms="10576" started-at="2017-04-25T13:06:40Z" finished-at="2017-04-25T13:06:51Z">
    <groups>
    </groups>
    <test name="Default test" duration-ms="10576" started-at="2017-04-25T13:06:40Z" finished-at="2017-04-25T13:06:51Z">
      <class name="webdrivertest.NewTest">
        <test-method status="PASS" signature="beforetest()[pri:0, instance:webdrivertest.NewTest@7823a2f9]" name="beforetest" is-config="true" duration-ms="4630" started-at="2017-04-25T18:36:40Z" finished-at="2017-04-25T18:36:45Z">
          <reporter-output>
          </reporter-output>
        </test-method> <!-- beforetest -->
        <test-method status="PASS" signature="testeasy()[pri:0, instance:webdrivertest.NewTest@7823a2f9]" name="testeasy" duration-ms="4868" started-at="2017-04-25T18:36:45Z" finished-at="2017-04-25T18:36:50Z">
          <reporter-output>
          </reporter-output>
        </test-method> <!-- testeasy -->
        <test-method status="PASS" signature="aftertest()[pri:0, instance:webdrivertest.NewTest@7823a2f9]" name="aftertest" is-config="true" duration-ms="1054" started-at="2017-04-25T18:36:50Z" finished-at="2017-04-25T18:36:51Z">
          <reporter-output>
          </reporter-output>
        </test-method> <!-- aftertest -->
      </class> <!-- webdrivertest.NewTest -->
    </test> <!-- Default test -->
  </suite> <!-- Default suite -->
</testng-results>
